<?xml version="1.0" encoding="UTF-8"?>
<testng-results ignored="0" total="1" passed="1" failed="0" skipped="0">
  <reporter-output>
  </reporter-output>
  <suite started-at="2024-01-08T17:11:09 CST" name="Default suite" finished-at="2024-01-08T17:11:13 CST" duration-ms="4015">
    <groups>
    </groups>
    <test started-at="2024-01-08T17:11:09 CST" name="Default test" finished-at="2024-01-08T17:11:13 CST" duration-ms="4015">
      <class name="seleniumPractice.pgm1">
        <test-method signature="sub()[pri:0, instance:seleniumPractice.pgm1@7770f470]" started-at="2024-01-08T17:11:09 CST" name="sub" finished-at="2024-01-08T17:11:13 CST" duration-ms="3981" status="PASS">
          <reporter-output>
          </reporter-output>
        </test-method> <!-- sub -->
      </class> <!-- seleniumPractice.pgm1 -->
    </test> <!-- Default test -->
  </suite> <!-- Default suite -->
</testng-results>
